<?xml version="1.0" encoding="UTF-8"?>
<!-- Generated by org.testng.reporters.JUnitReportReporter -->
<testsuite hostname="hello-lenovo" failures="0" tests="5" name="testCases.TC_VideoGameAPI" time="1.833" errors="0" timestamp="2023-08-21T19:11:46 IST" skipped="0">
  <testcase classname="testCases.TC_VideoGameAPI" name="test_getAllVideoGames" time="0.934"/>
  <system-out/>
  <testcase classname="testCases.TC_VideoGameAPI" name="test_addNewVideoGame" time="0.291"/>
  <system-out/>
  <testcase classname="testCases.TC_VideoGameAPI" name="test_getVideoGame" time="0.514"/>
  <system-out/>
  <testcase classname="testCases.TC_VideoGameAPI" name="test_updateVideoGame" time="0.076"/>
  <system-out/>
  <testcase classname="testCases.TC_VideoGameAPI" name="test_deleteVideoGame" time="0.018"/>
  <system-out/>
</testsuite> <!-- testCases.TC_VideoGameAPI -->
