<?xml version="1.0" encoding="UTF-8"?>
<!-- Generated by org.testng.reporters.JUnitReportReporter -->
<testsuite hostname="hello-lenovo" failures="0" tests="5" name="testCases.TC_VideoGameAPI" time="1.657" errors="0" timestamp="2023-08-23T14:01:50 IST" skipped="0">
  <testcase classname="testCases.TC_VideoGameAPI" name="test_getAllVideoGames" time="0.848"/>
  <system-out/>
  <testcase classname="testCases.TC_VideoGameAPI" name="test_addNewVideoGame" time="0.255"/>
  <system-out/>
  <testcase classname="testCases.TC_VideoGameAPI" name="test_getVideoGame" time="0.459"/>
  <system-out/>
  <testcase classname="testCases.TC_VideoGameAPI" name="test_updateVideoGame" time="0.080"/>
  <system-out/>
  <testcase classname="testCases.TC_VideoGameAPI" name="test_deleteVideoGame" time="0.015"/>
  <system-out/>
</testsuite> <!-- testCases.TC_VideoGameAPI -->
